Using pre-set license
Built from '2021.3/staging' branch; Version is '2021.3.4f1 (cb45f9cae8b7) revision 13321721'; Using compiler version '192829333'; Build Type 'Release'
OS: 'Windows 10  (10.0.19044) 64bit Professional' Language: 'en' Physical Memory: 16240 MB
BatchMode: 1, IsHumanControllingUs: 0, StartBugReporterOnCrash: 0, Is64bit: 1, IsPro: 1

COMMAND LINE ARGUMENTS:
C:\Program Files\Unity\Hub\Editor\2021.3.4f1\Editor\Unity.exe
-adb2
-batchMode
-noUpm
-name
AssetImportWorker0
-projectPath
D:/tai lieu/HelloHT
-logFile
Logs/AssetImportWorker0.log
-srvPort
59042
Successfully changed project path to: D:/tai lieu/HelloHT
D:/tai lieu/HelloHT
[UnityMemory] Configuration Parameters - Can be set up in boot.config
    "memorysetup-bucket-allocator-granularity=16"
    "memorysetup-bucket-allocator-bucket-count=8"
    "memorysetup-bucket-allocator-block-size=33554432"
    "memorysetup-bucket-allocator-block-count=8"
    "memorysetup-main-allocator-block-size=16777216"
    "memorysetup-thread-allocator-block-size=16777216"
    "memorysetup-gfx-main-allocator-block-size=16777216"
    "memorysetup-gfx-thread-allocator-block-size=16777216"
    "memorysetup-cache-allocator-block-size=4194304"
    "memorysetup-typetree-allocator-block-size=2097152"
    "memorysetup-profiler-bucket-allocator-granularity=16"
    "memorysetup-profiler-bucket-allocator-bucket-count=8"
    "memorysetup-profiler-bucket-allocator-block-size=33554432"
    "memorysetup-profiler-bucket-allocator-block-count=8"
    "memorysetup-profiler-allocator-block-size=16777216"
    "memorysetup-profiler-editor-allocator-block-size=1048576"
    "memorysetup-temp-allocator-size-main=16777216"
    "memorysetup-job-temp-allocator-block-size=2097152"
    "memorysetup-job-temp-allocator-block-size-background=1048576"
    "memorysetup-job-temp-allocator-reduction-small-platforms=262144"
    "memorysetup-temp-allocator-size-background-worker=32768"
    "memorysetup-temp-allocator-size-job-worker=262144"
    "memorysetup-temp-allocator-size-preload-manager=33554432"
    "memorysetup-temp-allocator-size-nav-mesh-worker=65536"
    "memorysetup-temp-allocator-size-audio-worker=65536"
    "memorysetup-temp-allocator-size-cloud-worker=32768"
    "memorysetup-temp-allocator-size-gi-baking-worker=262144"
    "memorysetup-temp-allocator-size-gfx=262144"
Refreshing native plugins compatible for Editor in 100.83 ms, found 3 plugins.
Preloading 0 native plugins for Editor in 0.00 ms.
Initialize engine version: 2021.3.4f1 (cb45f9cae8b7)
[Subsystems] Discovering subsystems at path C:/Program Files/Unity/Hub/Editor/2021.3.4f1/Editor/Data/Resources/UnitySubsystems
[Subsystems] Discovering subsystems at path D:/tai lieu/HelloHT/Assets
GfxDevice: creating device client; threaded=0; jobified=0
Direct3D:
    Version:  Direct3D 11.0 [level 11.0]
    Renderer: NVIDIA GeForce GTX 750 Ti (ID=0x1380)
    Vendor:   NVIDIA
    VRAM:     2007 MB
    Driver:   30.0.15.1277
Initialize mono
Mono path[0] = 'C:/Program Files/Unity/Hub/Editor/2021.3.4f1/Editor/Data/Managed'
Mono path[1] = 'C:/Program Files/Unity/Hub/Editor/2021.3.4f1/Editor/Data/MonoBleedingEdge/lib/mono/unityjit-win32'
Mono config path = 'C:/Program Files/Unity/Hub/Editor/2021.3.4f1/Editor/Data/MonoBleedingEdge/etc'
Using monoOptions --debugger-agent=transport=dt_socket,embedding=1,server=y,suspend=n,address=127.0.0.1:56804
Begin MonoManager ReloadAssembly
Registering precompiled unity dll's ...
Register platform support module: C:/Program Files/Unity/Hub/Editor/2021.3.4f1/Editor/Data/PlaybackEngines/AndroidPlayer/UnityEditor.Android.Extensions.dll
Register platform support module: C:/Program Files/Unity/Hub/Editor/2021.3.4f1/Editor/Data/PlaybackEngines/iOSSupport/UnityEditor.iOS.Extensions.dll
Register platform support module: C:/Program Files/Unity/Hub/Editor/2021.3.4f1/Editor/Data/PlaybackEngines/WindowsStandaloneSupport/UnityEditor.WindowsStandalone.Extensions.dll
Registered in 0.006431 seconds.
Native extension for WindowsStandalone target not found
[usbmuxd] Start listen thread
[usbmuxd] Listen thread started
Native extension for iOS target not found
Native extension for Android target not found
Refreshing native plugins compatible for Editor in 114.30 ms, found 3 plugins.
Preloading 0 native plugins for Editor in 0.00 ms.
Mono: successfully reloaded assembly
- Completed reload, in  0.783 seconds
Domain Reload Profiling:
	ReloadAssembly (784ms)
		BeginReloadAssembly (80ms)
			ExecutionOrderSort (0ms)
			DisableScriptedObjects (0ms)
			BackupInstance (0ms)
			ReleaseScriptingObjects (0ms)
			CreateAndSetChildDomain (1ms)
		EndReloadAssembly (580ms)
			LoadAssemblies (79ms)
			RebuildTransferFunctionScriptingTraits (0ms)
			SetupTypeCache (121ms)
			ReleaseScriptCaches (0ms)
			RebuildScriptCaches (32ms)
			SetupLoadedEditorAssemblies (368ms)
				LogAssemblyErrors (0ms)
				InitializePlatformSupportModulesInManaged (77ms)
				SetLoadedEditorAssemblies (0ms)
				RefreshPlugins (115ms)
				BeforeProcessingInitializeOnLoad (3ms)
				ProcessInitializeOnLoadAttributes (116ms)
				ProcessInitializeOnLoadMethodAttributes (57ms)
				AfterProcessingInitializeOnLoad (0ms)
				EditorAssembliesLoaded (0ms)
			ExecutionOrderSort2 (0ms)
			AwakeInstancesAfterBackupRestoration (0ms)
Platform modules already initialized, skipping
Registering precompiled user dll's ...
Registered in 0.003115 seconds.
Begin MonoManager ReloadAssembly
Symbol file LoadedFromMemory doesn't match image D:\tai lieu\HelloHT\Library\PackageCache\com.unity.visualscripting@1.7.8\Editor\VisualScripting.Core\Dependencies\YamlDotNet\Unity.VisualScripting.YamlDotNet.dll
Symbol file LoadedFromMemory doesn't match image D:\tai lieu\HelloHT\Library\PackageCache\com.unity.visualscripting@1.7.8\Editor\VisualScripting.Core\Dependencies\DotNetZip\Unity.VisualScripting.IonicZip.dll
Native extension for WindowsStandalone target not found
Native extension for iOS target not found
Native extension for Android target not found
Refreshing native plugins compatible for Editor in 0.69 ms, found 3 plugins.
Preloading 0 native plugins for Editor in 0.00 ms.
Mono: successfully reloaded assembly
- Completed reload, in  1.231 seconds
Domain Reload Profiling:
	ReloadAssembly (1232ms)
		BeginReloadAssembly (228ms)
			ExecutionOrderSort (0ms)
			DisableScriptedObjects (7ms)
			BackupInstance (0ms)
			ReleaseScriptingObjects (0ms)
			CreateAndSetChildDomain (125ms)
		EndReloadAssembly (873ms)
			LoadAssemblies (84ms)
			RebuildTransferFunctionScriptingTraits (0ms)
			SetupTypeCache (248ms)
			ReleaseScriptCaches (1ms)
			RebuildScriptCaches (56ms)
			SetupLoadedEditorAssemblies (432ms)
				LogAssemblyErrors (0ms)
				InitializePlatformSupportModulesInManaged (30ms)
				SetLoadedEditorAssemblies (1ms)
				RefreshPlugins (1ms)
				BeforeProcessingInitializeOnLoad (103ms)
				ProcessInitializeOnLoadAttributes (256ms)
				ProcessInitializeOnLoadMethodAttributes (35ms)
				AfterProcessingInitializeOnLoad (7ms)
				EditorAssembliesLoaded (0ms)
			ExecutionOrderSort2 (0ms)
			AwakeInstancesAfterBackupRestoration (11ms)
Platform modules already initialized, skipping
========================================================================
Worker process is ready to serve import requests
Launched and connected shader compiler UnityShaderCompiler.exe after 0.04 seconds
Refreshing native plugins compatible for Editor in 0.40 ms, found 3 plugins.
Preloading 0 native plugins for Editor in 0.00 ms.
Unloading 3253 Unused Serialized files (Serialized files now loaded: 0)
Unloading 25 unused Assets / (86.2 KB). Loaded Objects now: 3711.
Memory consumption went from 111.8 MB to 111.7 MB.
Total: 2.154600 ms (FindLiveObjects: 0.192700 ms CreateObjectMapping: 0.118900 ms MarkObjects: 1.765700 ms  DeleteObjects: 0.076400 ms)

AssetImportParameters requested are different than current active one (requested -> active):
  custom:video-decoder-ogg-theora: a1e56fd34408186e4bbccfd4996cb3dc -> 
  custom:container-muxer-webm: aa71ff27fc2769a1b78a27578f13a17b -> 
  custom:container-demuxer-webm: 4f35f7cbe854078d1ac9338744f61a02 -> 
  custom:video-encoder-webm-vp8: eb34c28f22e8b96e1ab97ce403110664 -> 
  custom:audio-encoder-webm-vorbis: bf7c407c2cedff20999df2af8eb42d56 -> 
  custom:framework-win-MediaFoundation: 216162199b28c13a410421893ffa2e32 -> 
  custom:container-demuxer-ogg: 62fdf1f143b41e24485cea50d1cbac27 -> 
  custom:video-decoder-webm-vp8: 9c59270c3fd7afecdb556c50c9e8de78 -> 
  custom:audio-decoder-ogg-vorbis: bf7c407c2cedff20999df2af8eb42d56 -> 
========================================================================
Received Import Request.
  Time since last request: 14444.494637 seconds.
  path: Assets/baitapvenha1.cs
  artifactKey: Guid(4056d3176d3fc37498553d4a8d20341c) Importer(815301076,1909f56bfc062723c751e8b465ee728b)
Start importing Assets/baitapvenha1.cs using Guid(4056d3176d3fc37498553d4a8d20341c) Importer(815301076,1909f56bfc062723c751e8b465ee728b)  -> (artifact id: 'f17af9005b5b33e5baf0b9c5681e95e7') in 0.015638 seconds 
========================================================================
Received Import Request.
  Time since last request: 24.107202 seconds.
  path: Assets/baitapvenha1.cs
  artifactKey: Guid(4056d3176d3fc37498553d4a8d20341c) Importer(815301076,1909f56bfc062723c751e8b465ee728b)
Start importing Assets/baitapvenha1.cs using Guid(4056d3176d3fc37498553d4a8d20341c) Importer(815301076,1909f56bfc062723c751e8b465ee728b)  -> (artifact id: 'cbe9757fbb8a688a8aa080c37875ef0b') in 0.007569 seconds 
========================================================================
Received Import Request.
  Time since last request: 14.704775 seconds.
  path: Assets/baitapvenha1.cs
  artifactKey: Guid(4056d3176d3fc37498553d4a8d20341c) Importer(815301076,1909f56bfc062723c751e8b465ee728b)
Start importing Assets/baitapvenha1.cs using Guid(4056d3176d3fc37498553d4a8d20341c) Importer(815301076,1909f56bfc062723c751e8b465ee728b)  -> (artifact id: 'd3638aa20b59d60284d4f0f6279efeae') in 0.002448 seconds 
========================================================================
Received Import Request.
  Time since last request: 15.497985 seconds.
  path: Assets/baitapvenha1.cs
  artifactKey: Guid(4056d3176d3fc37498553d4a8d20341c) Importer(815301076,1909f56bfc062723c751e8b465ee728b)
Start importing Assets/baitapvenha1.cs using Guid(4056d3176d3fc37498553d4a8d20341c) Importer(815301076,1909f56bfc062723c751e8b465ee728b)  -> (artifact id: 'dc4c96c18442c83d4f61df71a323b15b') in 0.002188 seconds 
========================================================================
Received Import Request.
  Time since last request: 70.429340 seconds.
  path: Assets/baitapvenha1.cs
  artifactKey: Guid(4056d3176d3fc37498553d4a8d20341c) Importer(815301076,1909f56bfc062723c751e8b465ee728b)
Start importing Assets/baitapvenha1.cs using Guid(4056d3176d3fc37498553d4a8d20341c) Importer(815301076,1909f56bfc062723c751e8b465ee728b)  -> (artifact id: 'c08ca80fe9d53c295f05efdc7b23c39f') in 0.005257 seconds 
========================================================================
Received Import Request.
  Time since last request: 47.505040 seconds.
  path: Assets/baitapvenha1.cs
  artifactKey: Guid(4056d3176d3fc37498553d4a8d20341c) Importer(815301076,1909f56bfc062723c751e8b465ee728b)
Start importing Assets/baitapvenha1.cs using Guid(4056d3176d3fc37498553d4a8d20341c) Importer(815301076,1909f56bfc062723c751e8b465ee728b)  -> (artifact id: '72936191d9cf253dd93792c1538ad026') in 0.004751 seconds 
========================================================================
Received Import Request.
  Time since last request: 10.226021 seconds.
  path: Assets/baitapvenha1.cs
  artifactKey: Guid(4056d3176d3fc37498553d4a8d20341c) Importer(815301076,1909f56bfc062723c751e8b465ee728b)
Start importing Assets/baitapvenha1.cs using Guid(4056d3176d3fc37498553d4a8d20341c) Importer(815301076,1909f56bfc062723c751e8b465ee728b)  -> (artifact id: '17a13798420610f5d76ba35dcd56a506') in 0.002537 seconds 
========================================================================
Received Import Request.
  Time since last request: 10.236064 seconds.
  path: Assets/baitapvenha1.cs
  artifactKey: Guid(4056d3176d3fc37498553d4a8d20341c) Importer(815301076,1909f56bfc062723c751e8b465ee728b)
Start importing Assets/baitapvenha1.cs using Guid(4056d3176d3fc37498553d4a8d20341c) Importer(815301076,1909f56bfc062723c751e8b465ee728b)  -> (artifact id: '85ca75791d7e67ff1ca5bcaf92742019') in 0.002338 seconds 
