Using pre-set license
Built from '2021.3/staging' branch; Version is '2021.3.4f1 (cb45f9cae8b7) revision 13321721'; Using compiler version '192829333'; Build Type 'Release'
OS: 'Windows 10  (10.0.19044) 64bit Professional' Language: 'en' Physical Memory: 16240 MB
BatchMode: 1, IsHumanControllingUs: 0, StartBugReporterOnCrash: 0, Is64bit: 1, IsPro: 1

COMMAND LINE ARGUMENTS:
C:\Program Files\Unity\Hub\Editor\2021.3.4f1\Editor\Unity.exe
-adb2
-batchMode
-noUpm
-name
AssetImportWorker2
-projectPath
D:/tai lieu/HelloHT
-logFile
Logs/AssetImportWorker2.log
-srvPort
56447
Successfully changed project path to: D:/tai lieu/HelloHT
D:/tai lieu/HelloHT
[UnityMemory] Configuration Parameters - Can be set up in boot.config
    "memorysetup-bucket-allocator-granularity=16"
    "memorysetup-bucket-allocator-bucket-count=8"
    "memorysetup-bucket-allocator-block-size=33554432"
    "memorysetup-bucket-allocator-block-count=8"
    "memorysetup-main-allocator-block-size=16777216"
    "memorysetup-thread-allocator-block-size=16777216"
    "memorysetup-gfx-main-allocator-block-size=16777216"
    "memorysetup-gfx-thread-allocator-block-size=16777216"
    "memorysetup-cache-allocator-block-size=4194304"
    "memorysetup-typetree-allocator-block-size=2097152"
    "memorysetup-profiler-bucket-allocator-granularity=16"
    "memorysetup-profiler-bucket-allocator-bucket-count=8"
    "memorysetup-profiler-bucket-allocator-block-size=33554432"
    "memorysetup-profiler-bucket-allocator-block-count=8"
    "memorysetup-profiler-allocator-block-size=16777216"
    "memorysetup-profiler-editor-allocator-block-size=1048576"
    "memorysetup-temp-allocator-size-main=16777216"
    "memorysetup-job-temp-allocator-block-size=2097152"
    "memorysetup-job-temp-allocator-block-size-background=1048576"
    "memorysetup-job-temp-allocator-reduction-small-platforms=262144"
    "memorysetup-temp-allocator-size-background-worker=32768"
    "memorysetup-temp-allocator-size-job-worker=262144"
    "memorysetup-temp-allocator-size-preload-manager=33554432"
    "memorysetup-temp-allocator-size-nav-mesh-worker=65536"
    "memorysetup-temp-allocator-size-audio-worker=65536"
    "memorysetup-temp-allocator-size-cloud-worker=32768"
    "memorysetup-temp-allocator-size-gi-baking-worker=262144"
    "memorysetup-temp-allocator-size-gfx=262144"
Refreshing native plugins compatible for Editor in 145.24 ms, found 3 plugins.
Preloading 0 native plugins for Editor in 0.00 ms.
Initialize engine version: 2021.3.4f1 (cb45f9cae8b7)
[Subsystems] Discovering subsystems at path C:/Program Files/Unity/Hub/Editor/2021.3.4f1/Editor/Data/Resources/UnitySubsystems
[Subsystems] Discovering subsystems at path D:/tai lieu/HelloHT/Assets
GfxDevice: creating device client; threaded=0; jobified=0
Direct3D:
    Version:  Direct3D 11.0 [level 11.0]
    Renderer: NVIDIA GeForce GTX 750 Ti (ID=0x1380)
    Vendor:   NVIDIA
    VRAM:     2007 MB
    Driver:   31.0.15.1659
Initialize mono
Mono path[0] = 'C:/Program Files/Unity/Hub/Editor/2021.3.4f1/Editor/Data/Managed'
Mono path[1] = 'C:/Program Files/Unity/Hub/Editor/2021.3.4f1/Editor/Data/MonoBleedingEdge/lib/mono/unityjit-win32'
Mono config path = 'C:/Program Files/Unity/Hub/Editor/2021.3.4f1/Editor/Data/MonoBleedingEdge/etc'
Using monoOptions --debugger-agent=transport=dt_socket,embedding=1,server=y,suspend=n,address=127.0.0.1:56020
Begin MonoManager ReloadAssembly
Registering precompiled unity dll's ...
Register platform support module: C:/Program Files/Unity/Hub/Editor/2021.3.4f1/Editor/Data/PlaybackEngines/AndroidPlayer/UnityEditor.Android.Extensions.dll
Register platform support module: C:/Program Files/Unity/Hub/Editor/2021.3.4f1/Editor/Data/PlaybackEngines/iOSSupport/UnityEditor.iOS.Extensions.dll
Register platform support module: C:/Program Files/Unity/Hub/Editor/2021.3.4f1/Editor/Data/PlaybackEngines/WindowsStandaloneSupport/UnityEditor.WindowsStandalone.Extensions.dll
Registered in 0.006715 seconds.
Native extension for WindowsStandalone target not found
[usbmuxd] Start listen thread
[usbmuxd] Listen thread started
Native extension for iOS target not found
Native extension for Android target not found
Refreshing native plugins compatible for Editor in 102.68 ms, found 3 plugins.
Preloading 0 native plugins for Editor in 0.00 ms.
Mono: successfully reloaded assembly
- Completed reload, in  0.728 seconds
Domain Reload Profiling:
	ReloadAssembly (729ms)
		BeginReloadAssembly (72ms)
			ExecutionOrderSort (0ms)
			DisableScriptedObjects (0ms)
			BackupInstance (0ms)
			ReleaseScriptingObjects (0ms)
			CreateAndSetChildDomain (1ms)
		EndReloadAssembly (540ms)
			LoadAssemblies (70ms)
			RebuildTransferFunctionScriptingTraits (0ms)
			SetupTypeCache (110ms)
			ReleaseScriptCaches (0ms)
			RebuildScriptCaches (32ms)
			SetupLoadedEditorAssemblies (341ms)
				LogAssemblyErrors (0ms)
				InitializePlatformSupportModulesInManaged (75ms)
				SetLoadedEditorAssemblies (0ms)
				RefreshPlugins (103ms)
				BeforeProcessingInitializeOnLoad (1ms)
				ProcessInitializeOnLoadAttributes (108ms)
				ProcessInitializeOnLoadMethodAttributes (54ms)
				AfterProcessingInitializeOnLoad (0ms)
				EditorAssembliesLoaded (0ms)
			ExecutionOrderSort2 (0ms)
			AwakeInstancesAfterBackupRestoration (0ms)
Platform modules already initialized, skipping
Registering precompiled user dll's ...
Registered in 0.003280 seconds.
Begin MonoManager ReloadAssembly
Symbol file LoadedFromMemory doesn't match image D:\tai lieu\HelloHT\Library\PackageCache\com.unity.visualscripting@1.7.8\Editor\VisualScripting.Core\Dependencies\YamlDotNet\Unity.VisualScripting.YamlDotNet.dll
Symbol file LoadedFromMemory doesn't match image D:\tai lieu\HelloHT\Library\PackageCache\com.unity.visualscripting@1.7.8\Editor\VisualScripting.Core\Dependencies\DotNetZip\Unity.VisualScripting.IonicZip.dll
Native extension for WindowsStandalone target not found
Native extension for iOS target not found
Native extension for Android target not found
Refreshing native plugins compatible for Editor in 0.71 ms, found 3 plugins.
Preloading 0 native plugins for Editor in 0.00 ms.
Mono: successfully reloaded assembly
- Completed reload, in  1.156 seconds
Domain Reload Profiling:
	ReloadAssembly (1157ms)
		BeginReloadAssembly (199ms)
			ExecutionOrderSort (0ms)
			DisableScriptedObjects (6ms)
			BackupInstance (0ms)
			ReleaseScriptingObjects (0ms)
			CreateAndSetChildDomain (133ms)
		EndReloadAssembly (818ms)
			LoadAssemblies (47ms)
			RebuildTransferFunctionScriptingTraits (0ms)
			SetupTypeCache (228ms)
			ReleaseScriptCaches (1ms)
			RebuildScriptCaches (57ms)
			SetupLoadedEditorAssemblies (407ms)
				LogAssemblyErrors (0ms)
				InitializePlatformSupportModulesInManaged (28ms)
				SetLoadedEditorAssemblies (1ms)
				RefreshPlugins (1ms)
				BeforeProcessingInitializeOnLoad (97ms)
				ProcessInitializeOnLoadAttributes (240ms)
				ProcessInitializeOnLoadMethodAttributes (34ms)
				AfterProcessingInitializeOnLoad (6ms)
				EditorAssembliesLoaded (0ms)
			ExecutionOrderSort2 (0ms)
			AwakeInstancesAfterBackupRestoration (11ms)
Platform modules already initialized, skipping
========================================================================
Worker process is ready to serve import requests
Launched and connected shader compiler UnityShaderCompiler.exe after 0.03 seconds
Refreshing native plugins compatible for Editor in 0.46 ms, found 3 plugins.
Preloading 0 native plugins for Editor in 0.00 ms.
Unloading 3247 Unused Serialized files (Serialized files now loaded: 0)
Unloading 25 unused Assets / (86.4 KB). Loaded Objects now: 3705.
Memory consumption went from 112.0 MB to 111.9 MB.
Total: 2.204800 ms (FindLiveObjects: 0.178300 ms CreateObjectMapping: 0.076500 ms MarkObjects: 1.884800 ms  DeleteObjects: 0.064200 ms)

AssetImportParameters requested are different than current active one (requested -> active):
  custom:video-decoder-ogg-theora: a1e56fd34408186e4bbccfd4996cb3dc -> 
  custom:container-muxer-webm: aa71ff27fc2769a1b78a27578f13a17b -> 
  custom:container-demuxer-webm: 4f35f7cbe854078d1ac9338744f61a02 -> 
  custom:video-encoder-webm-vp8: eb34c28f22e8b96e1ab97ce403110664 -> 
  custom:audio-encoder-webm-vorbis: bf7c407c2cedff20999df2af8eb42d56 -> 
  custom:framework-win-MediaFoundation: 216162199b28c13a410421893ffa2e32 -> 
  custom:container-demuxer-ogg: 62fdf1f143b41e24485cea50d1cbac27 -> 
  custom:video-decoder-webm-vp8: 9c59270c3fd7afecdb556c50c9e8de78 -> 
  custom:audio-decoder-ogg-vorbis: bf7c407c2cedff20999df2af8eb42d56 -> 
========================================================================
Received Import Request.
  Time since last request: 1727.858816 seconds.
  path: Assets/Arts/Sprites/Hero/01/Idle
  artifactKey: Guid(64914cec676db3848b123a76ef507b9f) Importer(815301076,1909f56bfc062723c751e8b465ee728b)
Start importing Assets/Arts/Sprites/Hero/01/Idle using Guid(64914cec676db3848b123a76ef507b9f) Importer(815301076,1909f56bfc062723c751e8b465ee728b)  -> (artifact id: 'a946de3bce15df6804774f54e7f5695b') in 0.019795 seconds 
========================================================================
Received Import Request.
  Time since last request: 3191.506785 seconds.
  path: Assets/Arts/Sprites/Hero/01/Attack/Attack_00.png
  artifactKey: Guid(bf265b2c9bbddbf46ad1c4e15e6e8a1f) Importer(815301076,1909f56bfc062723c751e8b465ee728b)
Start importing Assets/Arts/Sprites/Hero/01/Attack/Attack_00.png using Guid(bf265b2c9bbddbf46ad1c4e15e6e8a1f) Importer(815301076,1909f56bfc062723c751e8b465ee728b)  -> (artifact id: 'db29db0e4cc79b457ef2ab0e5a7838e2') in 0.202048 seconds 
========================================================================
Received Import Request.
  Time since last request: 0.000033 seconds.
  path: Assets/Arts/Sprites/Hero/01/Attack/Attack_14.png
  artifactKey: Guid(9064bbd77a6f16d4599642dc143740bc) Importer(815301076,1909f56bfc062723c751e8b465ee728b)
Start importing Assets/Arts/Sprites/Hero/01/Attack/Attack_14.png using Guid(9064bbd77a6f16d4599642dc143740bc) Importer(815301076,1909f56bfc062723c751e8b465ee728b)  -> (artifact id: '0c43977a9546b24336adde0df52bf447') in 0.029032 seconds 
========================================================================
Received Import Request.
  Time since last request: 0.000089 seconds.
  path: Assets/Arts/Sprites/Hero/01/Attack/Attack_05.png
  artifactKey: Guid(cef4250bf88ac714188034abaeda703c) Importer(815301076,1909f56bfc062723c751e8b465ee728b)
Start importing Assets/Arts/Sprites/Hero/01/Attack/Attack_05.png using Guid(cef4250bf88ac714188034abaeda703c) Importer(815301076,1909f56bfc062723c751e8b465ee728b)  -> (artifact id: '3ee80e0f217a8e1fa1b791535fcb1771') in 0.037639 seconds 
========================================================================
Received Import Request.
  Time since last request: 0.000172 seconds.
  path: Assets/Arts/Sprites/Hero/01/Attack/Attack_16.png
  artifactKey: Guid(39e118b26d84ecb4eb46bafc92b91878) Importer(815301076,1909f56bfc062723c751e8b465ee728b)
Start importing Assets/Arts/Sprites/Hero/01/Attack/Attack_16.png using Guid(39e118b26d84ecb4eb46bafc92b91878) Importer(815301076,1909f56bfc062723c751e8b465ee728b)  -> (artifact id: 'fa6dbb2ebff26b2737494e9469f993a2') in 0.036689 seconds 
========================================================================
Received Import Request.
  Time since last request: 0.000028 seconds.
  path: Assets/Arts/Sprites/Hero/01/Attack/Attack_08.png
  artifactKey: Guid(033c087e5c28e1049b7c83dcf000feac) Importer(815301076,1909f56bfc062723c751e8b465ee728b)
Start importing Assets/Arts/Sprites/Hero/01/Attack/Attack_08.png using Guid(033c087e5c28e1049b7c83dcf000feac) Importer(815301076,1909f56bfc062723c751e8b465ee728b)  -> (artifact id: 'a7412eb6d2916cc1288099804527df2a') in 0.035421 seconds 
========================================================================
Received Import Request.
  Time since last request: 0.000326 seconds.
  path: Assets/Arts/Sprites/Hero/01/Attack/Attack_15.png
  artifactKey: Guid(2668ac64d5941fe45afbaa54da2b1313) Importer(815301076,1909f56bfc062723c751e8b465ee728b)
Start importing Assets/Arts/Sprites/Hero/01/Attack/Attack_15.png using Guid(2668ac64d5941fe45afbaa54da2b1313) Importer(815301076,1909f56bfc062723c751e8b465ee728b)  -> (artifact id: '91c0b4f097dd98928fbc81b9d7d5d93b') in 0.029950 seconds 
========================================================================
Received Import Request.
  Time since last request: 0.000028 seconds.
  path: Assets/Arts/Sprites/Hero/01/Attack/Attack_04.png
  artifactKey: Guid(8285f5d446b74524d853e7da4096353d) Importer(815301076,1909f56bfc062723c751e8b465ee728b)
Start importing Assets/Arts/Sprites/Hero/01/Attack/Attack_04.png using Guid(8285f5d446b74524d853e7da4096353d) Importer(815301076,1909f56bfc062723c751e8b465ee728b)  -> (artifact id: 'ee01e8752604a661c85dd52da7d41724') in 0.039578 seconds 
========================================================================
Received Import Request.
  Time since last request: 0.000025 seconds.
  path: Assets/Arts/Sprites/Hero/01/Attack/Attack_09.png
  artifactKey: Guid(422459daa6b28af48a661b34dbbdbdad) Importer(815301076,1909f56bfc062723c751e8b465ee728b)
Start importing Assets/Arts/Sprites/Hero/01/Attack/Attack_09.png using Guid(422459daa6b28af48a661b34dbbdbdad) Importer(815301076,1909f56bfc062723c751e8b465ee728b)  -> (artifact id: '352d7c1ea32e783629318154f8522501') in 0.037648 seconds 
========================================================================
Received Import Request.
  Time since last request: 0.000218 seconds.
  path: Assets/Arts/Sprites/Hero/01/Attack/Attack_13.png
  artifactKey: Guid(3b213197f4c7e0649afe3517ac267c91) Importer(815301076,1909f56bfc062723c751e8b465ee728b)
Start importing Assets/Arts/Sprites/Hero/01/Attack/Attack_13.png using Guid(3b213197f4c7e0649afe3517ac267c91) Importer(815301076,1909f56bfc062723c751e8b465ee728b)  -> (artifact id: '7ec261c1bb94bbee499be791636881a9') in 0.033218 seconds 
========================================================================
Received Import Request.
  Time since last request: 0.000030 seconds.
  path: Assets/Arts/Sprites/Hero/01/Attack/Attack_10.png
  artifactKey: Guid(3d7062397a2f58e43a49071ebb095067) Importer(815301076,1909f56bfc062723c751e8b465ee728b)
Start importing Assets/Arts/Sprites/Hero/01/Attack/Attack_10.png using Guid(3d7062397a2f58e43a49071ebb095067) Importer(815301076,1909f56bfc062723c751e8b465ee728b)  -> (artifact id: 'ce81c5f2053433e3b23ba90504636d14') in 0.028598 seconds 
Editor requested this worker to shutdown with reason: Scaling down because of idle timeout
AssetImportWorker is now disconnected from the server
Process exiting
Exiting without the bug reporter. Application will terminate with return code 0