Using pre-set license
Built from '2021.3/staging' branch; Version is '2021.3.4f1 (cb45f9cae8b7) revision 13321721'; Using compiler version '192829333'; Build Type 'Release'
OS: 'Windows 10  (10.0.19044) 64bit Professional' Language: 'en' Physical Memory: 16240 MB
BatchMode: 1, IsHumanControllingUs: 0, StartBugReporterOnCrash: 0, Is64bit: 1, IsPro: 1

COMMAND LINE ARGUMENTS:
C:\Program Files\Unity\Hub\Editor\2021.3.4f1\Editor\Unity.exe
-adb2
-batchMode
-noUpm
-name
AssetImportWorker0
-projectPath
C:/Users/Admin/HelloHT/HelloHT
-logFile
Logs/AssetImportWorker0.log
-srvPort
61552
Successfully changed project path to: C:/Users/Admin/HelloHT/HelloHT
C:/Users/Admin/HelloHT/HelloHT
[UnityMemory] Configuration Parameters - Can be set up in boot.config
    "memorysetup-bucket-allocator-granularity=16"
    "memorysetup-bucket-allocator-bucket-count=8"
    "memorysetup-bucket-allocator-block-size=33554432"
    "memorysetup-bucket-allocator-block-count=8"
    "memorysetup-main-allocator-block-size=16777216"
    "memorysetup-thread-allocator-block-size=16777216"
    "memorysetup-gfx-main-allocator-block-size=16777216"
    "memorysetup-gfx-thread-allocator-block-size=16777216"
    "memorysetup-cache-allocator-block-size=4194304"
    "memorysetup-typetree-allocator-block-size=2097152"
    "memorysetup-profiler-bucket-allocator-granularity=16"
    "memorysetup-profiler-bucket-allocator-bucket-count=8"
    "memorysetup-profiler-bucket-allocator-block-size=33554432"
    "memorysetup-profiler-bucket-allocator-block-count=8"
    "memorysetup-profiler-allocator-block-size=16777216"
    "memorysetup-profiler-editor-allocator-block-size=1048576"
    "memorysetup-temp-allocator-size-main=16777216"
    "memorysetup-job-temp-allocator-block-size=2097152"
    "memorysetup-job-temp-allocator-block-size-background=1048576"
    "memorysetup-job-temp-allocator-reduction-small-platforms=262144"
    "memorysetup-temp-allocator-size-background-worker=32768"
    "memorysetup-temp-allocator-size-job-worker=262144"
    "memorysetup-temp-allocator-size-preload-manager=33554432"
    "memorysetup-temp-allocator-size-nav-mesh-worker=65536"
    "memorysetup-temp-allocator-size-audio-worker=65536"
    "memorysetup-temp-allocator-size-cloud-worker=32768"
    "memorysetup-temp-allocator-size-gi-baking-worker=262144"
    "memorysetup-temp-allocator-size-gfx=262144"
Refreshing native plugins compatible for Editor in 117.11 ms, found 4 plugins.
Preloading 0 native plugins for Editor in 0.00 ms.
Initialize engine version: 2021.3.4f1 (cb45f9cae8b7)
[Subsystems] Discovering subsystems at path C:/Program Files/Unity/Hub/Editor/2021.3.4f1/Editor/Data/Resources/UnitySubsystems
[Subsystems] Discovering subsystems at path C:/Users/Admin/HelloHT/HelloHT/Assets
GfxDevice: creating device client; threaded=0; jobified=0
Direct3D:
    Version:  Direct3D 11.0 [level 11.0]
    Renderer: NVIDIA GeForce GTX 750 Ti (ID=0x1380)
    Vendor:   NVIDIA
    VRAM:     2007 MB
    Driver:   30.0.15.1277
Initialize mono
Mono path[0] = 'C:/Program Files/Unity/Hub/Editor/2021.3.4f1/Editor/Data/Managed'
Mono path[1] = 'C:/Program Files/Unity/Hub/Editor/2021.3.4f1/Editor/Data/MonoBleedingEdge/lib/mono/unityjit-win32'
Mono config path = 'C:/Program Files/Unity/Hub/Editor/2021.3.4f1/Editor/Data/MonoBleedingEdge/etc'
Using monoOptions --debugger-agent=transport=dt_socket,embedding=1,server=y,suspend=n,address=127.0.0.1:56964
Begin MonoManager ReloadAssembly
Registering precompiled unity dll's ...
Register platform support module: C:/Program Files/Unity/Hub/Editor/2021.3.4f1/Editor/Data/PlaybackEngines/AndroidPlayer/UnityEditor.Android.Extensions.dll
Register platform support module: C:/Program Files/Unity/Hub/Editor/2021.3.4f1/Editor/Data/PlaybackEngines/iOSSupport/UnityEditor.iOS.Extensions.dll
Register platform support module: C:/Program Files/Unity/Hub/Editor/2021.3.4f1/Editor/Data/PlaybackEngines/WindowsStandaloneSupport/UnityEditor.WindowsStandalone.Extensions.dll
Registered in 0.005790 seconds.
Native extension for WindowsStandalone target not found
[usbmuxd] Start listen thread
[usbmuxd] Listen thread started
Native extension for iOS target not found
Native extension for Android target not found
Refreshing native plugins compatible for Editor in 112.68 ms, found 4 plugins.
Preloading 0 native plugins for Editor in 0.00 ms.
Mono: successfully reloaded assembly
- Completed reload, in  0.744 seconds
Domain Reload Profiling:
	ReloadAssembly (745ms)
		BeginReloadAssembly (74ms)
			ExecutionOrderSort (0ms)
			DisableScriptedObjects (0ms)
			BackupInstance (0ms)
			ReleaseScriptingObjects (0ms)
			CreateAndSetChildDomain (1ms)
		EndReloadAssembly (555ms)
			LoadAssemblies (73ms)
			RebuildTransferFunctionScriptingTraits (0ms)
			SetupTypeCache (118ms)
			ReleaseScriptCaches (0ms)
			RebuildScriptCaches (30ms)
			SetupLoadedEditorAssemblies (351ms)
				LogAssemblyErrors (0ms)
				InitializePlatformSupportModulesInManaged (72ms)
				SetLoadedEditorAssemblies (0ms)
				RefreshPlugins (113ms)
				BeforeProcessingInitializeOnLoad (1ms)
				ProcessInitializeOnLoadAttributes (109ms)
				ProcessInitializeOnLoadMethodAttributes (54ms)
				AfterProcessingInitializeOnLoad (0ms)
				EditorAssembliesLoaded (0ms)
			ExecutionOrderSort2 (0ms)
			AwakeInstancesAfterBackupRestoration (0ms)
Platform modules already initialized, skipping
Registering precompiled user dll's ...
Registered in 0.005793 seconds.
Begin MonoManager ReloadAssembly
Symbol file LoadedFromMemory doesn't match image C:\Users\Admin\HelloHT\HelloHT\Library\PackageCache\com.unity.visualscripting@1.7.8\Editor\VisualScripting.Core\Dependencies\YamlDotNet\Unity.VisualScripting.YamlDotNet.dll
Symbol file LoadedFromMemory doesn't match image C:\Users\Admin\HelloHT\HelloHT\Library\PackageCache\com.unity.visualscripting@1.7.8\Editor\VisualScripting.Core\Dependencies\DotNetZip\Unity.VisualScripting.IonicZip.dll
Native extension for WindowsStandalone target not found
Native extension for iOS target not found
Native extension for Android target not found
Refreshing native plugins compatible for Editor in 112.64 ms, found 4 plugins.
Preloading 0 native plugins for Editor in 0.00 ms.
Mono: successfully reloaded assembly
- Completed reload, in  1.447 seconds
Domain Reload Profiling:
	ReloadAssembly (1448ms)
		BeginReloadAssembly (209ms)
			ExecutionOrderSort (0ms)
			DisableScriptedObjects (7ms)
			BackupInstance (0ms)
			ReleaseScriptingObjects (0ms)
			CreateAndSetChildDomain (133ms)
		EndReloadAssembly (1116ms)
			LoadAssemblies (64ms)
			RebuildTransferFunctionScriptingTraits (0ms)
			SetupTypeCache (288ms)
			ReleaseScriptCaches (1ms)
			RebuildScriptCaches (70ms)
			SetupLoadedEditorAssemblies (598ms)
				LogAssemblyErrors (0ms)
				InitializePlatformSupportModulesInManaged (27ms)
				SetLoadedEditorAssemblies (0ms)
				RefreshPlugins (113ms)
				BeforeProcessingInitializeOnLoad (114ms)
				ProcessInitializeOnLoadAttributes (268ms)
				ProcessInitializeOnLoadMethodAttributes (70ms)
				AfterProcessingInitializeOnLoad (6ms)
				EditorAssembliesLoaded (0ms)
			ExecutionOrderSort2 (0ms)
			AwakeInstancesAfterBackupRestoration (11ms)
Platform modules already initialized, skipping
========================================================================
Worker process is ready to serve import requests
Launched and connected shader compiler UnityShaderCompiler.exe after 0.04 seconds
Refreshing native plugins compatible for Editor in 0.60 ms, found 4 plugins.
Preloading 0 native plugins for Editor in 0.00 ms.
Unloading 4062 Unused Serialized files (Serialized files now loaded: 0)
Unloading 44 unused Assets / (222.4 KB). Loaded Objects now: 4513.
Memory consumption went from 151.2 MB to 151.0 MB.
Total: 3.248600 ms (FindLiveObjects: 0.213700 ms CreateObjectMapping: 0.117300 ms MarkObjects: 2.775300 ms  DeleteObjects: 0.140800 ms)

AssetImportParameters requested are different than current active one (requested -> active):
  custom:video-decoder-ogg-theora: a1e56fd34408186e4bbccfd4996cb3dc -> 
  custom:container-muxer-webm: aa71ff27fc2769a1b78a27578f13a17b -> 
  custom:container-demuxer-webm: 4f35f7cbe854078d1ac9338744f61a02 -> 
  custom:video-encoder-webm-vp8: eb34c28f22e8b96e1ab97ce403110664 -> 
  custom:audio-encoder-webm-vorbis: bf7c407c2cedff20999df2af8eb42d56 -> 
  custom:framework-win-MediaFoundation: 216162199b28c13a410421893ffa2e32 -> 
  custom:container-demuxer-ogg: 62fdf1f143b41e24485cea50d1cbac27 -> 
  custom:video-decoder-webm-vp8: 9c59270c3fd7afecdb556c50c9e8de78 -> 
  custom:audio-decoder-ogg-vorbis: bf7c407c2cedff20999df2af8eb42d56 -> 
========================================================================
Received Import Request.
  Time since last request: 5794.911300 seconds.
  path: Assets/var/Var.cs
  artifactKey: Guid(e66a5e96480cccc4490727c44396d50a) Importer(815301076,1909f56bfc062723c751e8b465ee728b)
Start importing Assets/var/Var.cs using Guid(e66a5e96480cccc4490727c44396d50a) Importer(815301076,1909f56bfc062723c751e8b465ee728b)  -> (artifact id: 'd6836ff26bf7fef97a9dbed5e11f1143') in 0.054747 seconds 
========================================================================
Received Prepare
Registering precompiled user dll's ...
Registered in 0.006701 seconds.
Begin MonoManager ReloadAssembly
Symbol file LoadedFromMemory doesn't match image C:\Users\Admin\HelloHT\HelloHT\Library\PackageCache\com.unity.visualscripting@1.7.8\Editor\VisualScripting.Core\Dependencies\YamlDotNet\Unity.VisualScripting.YamlDotNet.dll
Symbol file LoadedFromMemory doesn't match image C:\Users\Admin\HelloHT\HelloHT\Library\PackageCache\com.unity.visualscripting@1.7.8\Editor\VisualScripting.Core\Dependencies\DotNetZip\Unity.VisualScripting.IonicZip.dll
Native extension for WindowsStandalone target not found
Native extension for iOS target not found
Native extension for Android target not found
Refreshing native plugins compatible for Editor in 1.10 ms, found 4 plugins.
Preloading 0 native plugins for Editor in 0.00 ms.
Mono: successfully reloaded assembly
- Completed reload, in  1.208 seconds
Domain Reload Profiling:
	ReloadAssembly (1209ms)
		BeginReloadAssembly (181ms)
			ExecutionOrderSort (0ms)
			DisableScriptedObjects (10ms)
			BackupInstance (0ms)
			ReleaseScriptingObjects (0ms)
			CreateAndSetChildDomain (71ms)
		EndReloadAssembly (896ms)
			LoadAssemblies (100ms)
			RebuildTransferFunctionScriptingTraits (0ms)
			SetupTypeCache (286ms)
			ReleaseScriptCaches (2ms)
			RebuildScriptCaches (55ms)
			SetupLoadedEditorAssemblies (395ms)
				LogAssemblyErrors (0ms)
				InitializePlatformSupportModulesInManaged (37ms)
				SetLoadedEditorAssemblies (1ms)
				RefreshPlugins (1ms)
				BeforeProcessingInitializeOnLoad (83ms)
				ProcessInitializeOnLoadAttributes (223ms)
				ProcessInitializeOnLoadMethodAttributes (44ms)
				AfterProcessingInitializeOnLoad (6ms)
				EditorAssembliesLoaded (0ms)
			ExecutionOrderSort2 (0ms)
			AwakeInstancesAfterBackupRestoration (14ms)
Platform modules already initialized, skipping
Refreshing native plugins compatible for Editor in 2.90 ms, found 4 plugins.
Preloading 0 native plugins for Editor in 0.00 ms.
Unloading 4058 Unused Serialized files (Serialized files now loaded: 0)
Unloading 31 unused Assets / (189.6 KB). Loaded Objects now: 4517.
Memory consumption went from 151.2 MB to 151.1 MB.
Total: 4.274500 ms (FindLiveObjects: 0.452100 ms CreateObjectMapping: 0.111400 ms MarkObjects: 3.517400 ms  DeleteObjects: 0.192000 ms)

AssetImportParameters requested are different than current active one (requested -> active):
  custom:video-decoder-ogg-theora: a1e56fd34408186e4bbccfd4996cb3dc -> 
  custom:container-muxer-webm: aa71ff27fc2769a1b78a27578f13a17b -> 
  custom:container-demuxer-webm: 4f35f7cbe854078d1ac9338744f61a02 -> 
  custom:video-encoder-webm-vp8: eb34c28f22e8b96e1ab97ce403110664 -> 
  custom:audio-encoder-webm-vorbis: bf7c407c2cedff20999df2af8eb42d56 -> 
  custom:framework-win-MediaFoundation: 216162199b28c13a410421893ffa2e32 -> 
  custom:container-demuxer-ogg: 62fdf1f143b41e24485cea50d1cbac27 -> 
  custom:video-decoder-webm-vp8: 9c59270c3fd7afecdb556c50c9e8de78 -> 
  custom:audio-decoder-ogg-vorbis: bf7c407c2cedff20999df2af8eb42d56 -> 
========================================================================
Received Import Request.
  Time since last request: 360.228847 seconds.
  path: Assets/var/Var.cs
  artifactKey: Guid(e66a5e96480cccc4490727c44396d50a) Importer(815301076,1909f56bfc062723c751e8b465ee728b)
Start importing Assets/var/Var.cs using Guid(e66a5e96480cccc4490727c44396d50a) Importer(815301076,1909f56bfc062723c751e8b465ee728b)  -> (artifact id: '2e2eca05509b23f5c9192595a098a1c3') in 0.095022 seconds 
========================================================================
Received Prepare
Registering precompiled user dll's ...
Registered in 0.004725 seconds.
Begin MonoManager ReloadAssembly
Symbol file LoadedFromMemory doesn't match image C:\Users\Admin\HelloHT\HelloHT\Library\PackageCache\com.unity.visualscripting@1.7.8\Editor\VisualScripting.Core\Dependencies\YamlDotNet\Unity.VisualScripting.YamlDotNet.dll
Symbol file LoadedFromMemory doesn't match image C:\Users\Admin\HelloHT\HelloHT\Library\PackageCache\com.unity.visualscripting@1.7.8\Editor\VisualScripting.Core\Dependencies\DotNetZip\Unity.VisualScripting.IonicZip.dll
Native extension for WindowsStandalone target not found
Native extension for iOS target not found
Native extension for Android target not found
Refreshing native plugins compatible for Editor in 0.89 ms, found 4 plugins.
Preloading 0 native plugins for Editor in 0.00 ms.
Mono: successfully reloaded assembly
- Completed reload, in  1.247 seconds
Domain Reload Profiling:
	ReloadAssembly (1248ms)
		BeginReloadAssembly (243ms)
			ExecutionOrderSort (0ms)
			DisableScriptedObjects (25ms)
			BackupInstance (0ms)
			ReleaseScriptingObjects (0ms)
			CreateAndSetChildDomain (94ms)
		EndReloadAssembly (895ms)
			LoadAssemblies (112ms)
			RebuildTransferFunctionScriptingTraits (0ms)
			SetupTypeCache (275ms)
			ReleaseScriptCaches (2ms)
			RebuildScriptCaches (54ms)
			SetupLoadedEditorAssemblies (406ms)
				LogAssemblyErrors (0ms)
				InitializePlatformSupportModulesInManaged (36ms)
				SetLoadedEditorAssemblies (1ms)
				RefreshPlugins (1ms)
				BeforeProcessingInitializeOnLoad (85ms)
				ProcessInitializeOnLoadAttributes (230ms)
				ProcessInitializeOnLoadMethodAttributes (46ms)
				AfterProcessingInitializeOnLoad (5ms)
				EditorAssembliesLoaded (0ms)
			ExecutionOrderSort2 (0ms)
			AwakeInstancesAfterBackupRestoration (14ms)
Platform modules already initialized, skipping
Refreshing native plugins compatible for Editor in 2.28 ms, found 4 plugins.
Preloading 0 native plugins for Editor in 0.00 ms.
Unloading 4058 Unused Serialized files (Serialized files now loaded: 0)
Unloading 31 unused Assets / (189.6 KB). Loaded Objects now: 4520.
Memory consumption went from 151.2 MB to 151.1 MB.
Total: 4.132900 ms (FindLiveObjects: 0.432800 ms CreateObjectMapping: 0.138000 ms MarkObjects: 3.367800 ms  DeleteObjects: 0.192900 ms)

AssetImportParameters requested are different than current active one (requested -> active):
  custom:video-decoder-ogg-theora: a1e56fd34408186e4bbccfd4996cb3dc -> 
  custom:container-muxer-webm: aa71ff27fc2769a1b78a27578f13a17b -> 
  custom:container-demuxer-webm: 4f35f7cbe854078d1ac9338744f61a02 -> 
  custom:video-encoder-webm-vp8: eb34c28f22e8b96e1ab97ce403110664 -> 
  custom:audio-encoder-webm-vorbis: bf7c407c2cedff20999df2af8eb42d56 -> 
  custom:framework-win-MediaFoundation: 216162199b28c13a410421893ffa2e32 -> 
  custom:container-demuxer-ogg: 62fdf1f143b41e24485cea50d1cbac27 -> 
  custom:video-decoder-webm-vp8: 9c59270c3fd7afecdb556c50c9e8de78 -> 
  custom:audio-decoder-ogg-vorbis: bf7c407c2cedff20999df2af8eb42d56 -> 
========================================================================
Received Import Request.
  Time since last request: 31.101083 seconds.
  path: Assets/daynamic
  artifactKey: Guid(1ff2029ed99f632439fb11a51f13a94b) Importer(815301076,1909f56bfc062723c751e8b465ee728b)
Start importing Assets/daynamic using Guid(1ff2029ed99f632439fb11a51f13a94b) Importer(815301076,1909f56bfc062723c751e8b465ee728b)  -> (artifact id: '2f561dbc9f392b46f3ecbf6cca317992') in 0.025916 seconds 
========================================================================
Received Import Request.
  Time since last request: 7.333093 seconds.
  path: Assets/dynamic
  artifactKey: Guid(1ff2029ed99f632439fb11a51f13a94b) Importer(815301076,1909f56bfc062723c751e8b465ee728b)
Start importing Assets/dynamic using Guid(1ff2029ed99f632439fb11a51f13a94b) Importer(815301076,1909f56bfc062723c751e8b465ee728b)  -> (artifact id: '7d9f06595af8eb981a62d2150bb02032') in 0.002388 seconds 
========================================================================
Received Import Request.
  Time since last request: 5.476481 seconds.
  path: Assets/dynamic/dynamic.cs
  artifactKey: Guid(e252d58e71066aa46b33238916e70e1b) Importer(815301076,1909f56bfc062723c751e8b465ee728b)
Start importing Assets/dynamic/dynamic.cs using Guid(e252d58e71066aa46b33238916e70e1b) Importer(815301076,1909f56bfc062723c751e8b465ee728b)  -> (artifact id: '3f519583ea552b05bbe213ce8bdde0b3') in 0.002504 seconds 
========================================================================
Received Prepare
Registering precompiled user dll's ...
Registered in 0.004703 seconds.
Begin MonoManager ReloadAssembly
Symbol file LoadedFromMemory doesn't match image C:\Users\Admin\HelloHT\HelloHT\Library\PackageCache\com.unity.visualscripting@1.7.8\Editor\VisualScripting.Core\Dependencies\YamlDotNet\Unity.VisualScripting.YamlDotNet.dll
Symbol file LoadedFromMemory doesn't match image C:\Users\Admin\HelloHT\HelloHT\Library\PackageCache\com.unity.visualscripting@1.7.8\Editor\VisualScripting.Core\Dependencies\DotNetZip\Unity.VisualScripting.IonicZip.dll
Native extension for WindowsStandalone target not found
Native extension for iOS target not found
Native extension for Android target not found
Refreshing native plugins compatible for Editor in 1.09 ms, found 4 plugins.
Preloading 0 native plugins for Editor in 0.00 ms.
Mono: successfully reloaded assembly
- Completed reload, in  1.137 seconds
Domain Reload Profiling:
	ReloadAssembly (1138ms)
		BeginReloadAssembly (155ms)
			ExecutionOrderSort (0ms)
			DisableScriptedObjects (9ms)
			BackupInstance (0ms)
			ReleaseScriptingObjects (0ms)
			CreateAndSetChildDomain (52ms)
		EndReloadAssembly (872ms)
			LoadAssemblies (93ms)
			RebuildTransferFunctionScriptingTraits (0ms)
			SetupTypeCache (262ms)
			ReleaseScriptCaches (1ms)
			RebuildScriptCaches (50ms)
			SetupLoadedEditorAssemblies (405ms)
				LogAssemblyErrors (0ms)
				InitializePlatformSupportModulesInManaged (35ms)
				SetLoadedEditorAssemblies (1ms)
				RefreshPlugins (1ms)
				BeforeProcessingInitializeOnLoad (89ms)
				ProcessInitializeOnLoadAttributes (226ms)
				ProcessInitializeOnLoadMethodAttributes (46ms)
				AfterProcessingInitializeOnLoad (6ms)
				EditorAssembliesLoaded (0ms)
			ExecutionOrderSort2 (0ms)
			AwakeInstancesAfterBackupRestoration (14ms)
Platform modules already initialized, skipping
Refreshing native plugins compatible for Editor in 2.40 ms, found 4 plugins.
Preloading 0 native plugins for Editor in 0.00 ms.
Unloading 4059 Unused Serialized files (Serialized files now loaded: 0)
Unloading 31 unused Assets / (190.1 KB). Loaded Objects now: 4524.
Memory consumption went from 151.3 MB to 151.1 MB.
Total: 2.494000 ms (FindLiveObjects: 0.217200 ms CreateObjectMapping: 0.132800 ms MarkObjects: 2.016700 ms  DeleteObjects: 0.126000 ms)

AssetImportParameters requested are different than current active one (requested -> active):
  custom:video-decoder-ogg-theora: a1e56fd34408186e4bbccfd4996cb3dc -> 
  custom:container-muxer-webm: aa71ff27fc2769a1b78a27578f13a17b -> 
  custom:container-demuxer-webm: 4f35f7cbe854078d1ac9338744f61a02 -> 
  custom:video-encoder-webm-vp8: eb34c28f22e8b96e1ab97ce403110664 -> 
  custom:audio-encoder-webm-vorbis: bf7c407c2cedff20999df2af8eb42d56 -> 
  custom:framework-win-MediaFoundation: 216162199b28c13a410421893ffa2e32 -> 
  custom:container-demuxer-ogg: 62fdf1f143b41e24485cea50d1cbac27 -> 
  custom:video-decoder-webm-vp8: 9c59270c3fd7afecdb556c50c9e8de78 -> 
  custom:audio-decoder-ogg-vorbis: bf7c407c2cedff20999df2af8eb42d56 -> 
========================================================================
Received Import Request.
  Time since last request: 292.816985 seconds.
  path: Assets/var/Var.cs
  artifactKey: Guid(e66a5e96480cccc4490727c44396d50a) Importer(815301076,1909f56bfc062723c751e8b465ee728b)
Start importing Assets/var/Var.cs using Guid(e66a5e96480cccc4490727c44396d50a) Importer(815301076,1909f56bfc062723c751e8b465ee728b)  -> (artifact id: 'de165eb3acc07a6ec8119807a72e499d') in 0.116601 seconds 
========================================================================
Received Prepare
Registering precompiled user dll's ...
Registered in 0.004791 seconds.
Begin MonoManager ReloadAssembly
Symbol file LoadedFromMemory doesn't match image C:\Users\Admin\HelloHT\HelloHT\Library\PackageCache\com.unity.visualscripting@1.7.8\Editor\VisualScripting.Core\Dependencies\YamlDotNet\Unity.VisualScripting.YamlDotNet.dll
Symbol file LoadedFromMemory doesn't match image C:\Users\Admin\HelloHT\HelloHT\Library\PackageCache\com.unity.visualscripting@1.7.8\Editor\VisualScripting.Core\Dependencies\DotNetZip\Unity.VisualScripting.IonicZip.dll
Native extension for WindowsStandalone target not found
Native extension for iOS target not found
Native extension for Android target not found
Refreshing native plugins compatible for Editor in 0.86 ms, found 4 plugins.
Preloading 0 native plugins for Editor in 0.00 ms.
Mono: successfully reloaded assembly
- Completed reload, in  1.120 seconds
Domain Reload Profiling:
	ReloadAssembly (1122ms)
		BeginReloadAssembly (195ms)
			ExecutionOrderSort (0ms)
			DisableScriptedObjects (17ms)
			BackupInstance (0ms)
			ReleaseScriptingObjects (0ms)
			CreateAndSetChildDomain (70ms)
		EndReloadAssembly (822ms)
			LoadAssemblies (97ms)
			RebuildTransferFunctionScriptingTraits (0ms)
			SetupTypeCache (259ms)
			ReleaseScriptCaches (1ms)
			RebuildScriptCaches (46ms)
			SetupLoadedEditorAssemblies (375ms)
				LogAssemblyErrors (0ms)
				InitializePlatformSupportModulesInManaged (34ms)
				SetLoadedEditorAssemblies (1ms)
				RefreshPlugins (1ms)
				BeforeProcessingInitializeOnLoad (80ms)
				ProcessInitializeOnLoadAttributes (208ms)
				ProcessInitializeOnLoadMethodAttributes (45ms)
				AfterProcessingInitializeOnLoad (6ms)
				EditorAssembliesLoaded (0ms)
			ExecutionOrderSort2 (0ms)
			AwakeInstancesAfterBackupRestoration (12ms)
Platform modules already initialized, skipping
Refreshing native plugins compatible for Editor in 2.17 ms, found 4 plugins.
Preloading 0 native plugins for Editor in 0.00 ms.
Unloading 4059 Unused Serialized files (Serialized files now loaded: 0)
Unloading 31 unused Assets / (189.8 KB). Loaded Objects now: 4527.
Memory consumption went from 151.3 MB to 151.1 MB.
Total: 4.241600 ms (FindLiveObjects: 0.416300 ms CreateObjectMapping: 0.135300 ms MarkObjects: 3.476600 ms  DeleteObjects: 0.212200 ms)

AssetImportParameters requested are different than current active one (requested -> active):
  custom:video-decoder-ogg-theora: a1e56fd34408186e4bbccfd4996cb3dc -> 
  custom:container-muxer-webm: aa71ff27fc2769a1b78a27578f13a17b -> 
  custom:container-demuxer-webm: 4f35f7cbe854078d1ac9338744f61a02 -> 
  custom:video-encoder-webm-vp8: eb34c28f22e8b96e1ab97ce403110664 -> 
  custom:audio-encoder-webm-vorbis: bf7c407c2cedff20999df2af8eb42d56 -> 
  custom:framework-win-MediaFoundation: 216162199b28c13a410421893ffa2e32 -> 
  custom:container-demuxer-ogg: 62fdf1f143b41e24485cea50d1cbac27 -> 
  custom:video-decoder-webm-vp8: 9c59270c3fd7afecdb556c50c9e8de78 -> 
  custom:audio-decoder-ogg-vorbis: bf7c407c2cedff20999df2af8eb42d56 -> 
========================================================================
Received Import Request.
  Time since last request: 135.431618 seconds.
  path: Assets/New Folder
  artifactKey: Guid(8641a8ad83e578e47897cda77db6a461) Importer(815301076,1909f56bfc062723c751e8b465ee728b)
Start importing Assets/New Folder using Guid(8641a8ad83e578e47897cda77db6a461) Importer(815301076,1909f56bfc062723c751e8b465ee728b)  -> (artifact id: '937a06165e5783d94effcd859dc18b6a') in 0.024447 seconds 
========================================================================
Received Import Request.
  Time since last request: 17.992000 seconds.
  path: Assets/For
  artifactKey: Guid(8641a8ad83e578e47897cda77db6a461) Importer(815301076,1909f56bfc062723c751e8b465ee728b)
Start importing Assets/For using Guid(8641a8ad83e578e47897cda77db6a461) Importer(815301076,1909f56bfc062723c751e8b465ee728b)  -> (artifact id: '769e69e92e0f1a16ef5d8a4e5027edce') in 0.001566 seconds 
========================================================================
Received Import Request.
  Time since last request: 5.213858 seconds.
  path: Assets/For/NewBehaviourScript.cs
  artifactKey: Guid(983c9c0cbd38a80469d5a63f6e3176b6) Importer(815301076,1909f56bfc062723c751e8b465ee728b)
Start importing Assets/For/NewBehaviourScript.cs using Guid(983c9c0cbd38a80469d5a63f6e3176b6) Importer(815301076,1909f56bfc062723c751e8b465ee728b)  -> (artifact id: 'ef9a06061d1d09091b37167d73f5235b') in 0.004659 seconds 
========================================================================
Received Import Request.
  Time since last request: 4.320879 seconds.
  path: Assets/For/For.cs
  artifactKey: Guid(983c9c0cbd38a80469d5a63f6e3176b6) Importer(815301076,1909f56bfc062723c751e8b465ee728b)
Start importing Assets/For/For.cs using Guid(983c9c0cbd38a80469d5a63f6e3176b6) Importer(815301076,1909f56bfc062723c751e8b465ee728b)  -> (artifact id: 'e1e241a878c86d40db616e26f89fa703') in 0.001964 seconds 
========================================================================
Received Import Request.
  Time since last request: 10.285431 seconds.
  path: Assets/For/For.cs
  artifactKey: Guid(983c9c0cbd38a80469d5a63f6e3176b6) Importer(815301076,1909f56bfc062723c751e8b465ee728b)
Start importing Assets/For/For.cs using Guid(983c9c0cbd38a80469d5a63f6e3176b6) Importer(815301076,1909f56bfc062723c751e8b465ee728b)  -> (artifact id: 'f6238a771a6aaa7c569dfd05d379fc6f') in 0.002293 seconds 
========================================================================
Received Import Request.
  Time since last request: 28.402866 seconds.
  path: Assets/For/For.cs
  artifactKey: Guid(983c9c0cbd38a80469d5a63f6e3176b6) Importer(815301076,1909f56bfc062723c751e8b465ee728b)
Start importing Assets/For/For.cs using Guid(983c9c0cbd38a80469d5a63f6e3176b6) Importer(815301076,1909f56bfc062723c751e8b465ee728b)  -> (artifact id: '0bea6922dca25ab8745e08d592140612') in 0.001288 seconds 
========================================================================
Received Import Request.
  Time since last request: 61.670305 seconds.
  path: Assets/For/For.cs
  artifactKey: Guid(983c9c0cbd38a80469d5a63f6e3176b6) Importer(815301076,1909f56bfc062723c751e8b465ee728b)
Start importing Assets/For/For.cs using Guid(983c9c0cbd38a80469d5a63f6e3176b6) Importer(815301076,1909f56bfc062723c751e8b465ee728b)  -> (artifact id: 'ef3afc6560dc2f932e8b6f15d03a2da0') in 0.002361 seconds 
========================================================================
Received Import Request.
  Time since last request: 18.802794 seconds.
  path: Assets/For/For.cs
  artifactKey: Guid(983c9c0cbd38a80469d5a63f6e3176b6) Importer(815301076,1909f56bfc062723c751e8b465ee728b)
Start importing Assets/For/For.cs using Guid(983c9c0cbd38a80469d5a63f6e3176b6) Importer(815301076,1909f56bfc062723c751e8b465ee728b)  -> (artifact id: 'b0b2b2d595e52ad7f8822efde87284e7') in 0.002341 seconds 
========================================================================
Received Import Request.
  Time since last request: 48.806813 seconds.
  path: Assets/For/For1.cs
  artifactKey: Guid(983c9c0cbd38a80469d5a63f6e3176b6) Importer(815301076,1909f56bfc062723c751e8b465ee728b)
Start importing Assets/For/For1.cs using Guid(983c9c0cbd38a80469d5a63f6e3176b6) Importer(815301076,1909f56bfc062723c751e8b465ee728b)  -> (artifact id: 'f3c96ec614a9f5a0373f1ed99ef69d51') in 0.002662 seconds 
========================================================================
Received Import Request.
  Time since last request: 7.266551 seconds.
  path: Assets/For/For.cs
  artifactKey: Guid(14492f0b41b118649aad4fc18f484779) Importer(815301076,1909f56bfc062723c751e8b465ee728b)
Start importing Assets/For/For.cs using Guid(14492f0b41b118649aad4fc18f484779) Importer(815301076,1909f56bfc062723c751e8b465ee728b)  -> (artifact id: '033c2acd41c8b6050b37f1f370e5813a') in 0.001526 seconds 
========================================================================
Received Import Request.
  Time since last request: 189.410618 seconds.
  path: Assets/For/VlFor.cs
  artifactKey: Guid(e82757c6ec11fb14e99e10729e4cfce8) Importer(815301076,1909f56bfc062723c751e8b465ee728b)
Start importing Assets/For/VlFor.cs using Guid(e82757c6ec11fb14e99e10729e4cfce8) Importer(815301076,1909f56bfc062723c751e8b465ee728b)  -> (artifact id: '08da2fe3c3d41b11c80d9efdea262b09') in 0.003456 seconds 
========================================================================
Received Import Request.
  Time since last request: 36.057055 seconds.
  path: Assets/For/NewBehaviourScript.cs
  artifactKey: Guid(e2e17785517c62b4f9cf01f6fe3334fc) Importer(815301076,1909f56bfc062723c751e8b465ee728b)
Start importing Assets/For/NewBehaviourScript.cs using Guid(e2e17785517c62b4f9cf01f6fe3334fc) Importer(815301076,1909f56bfc062723c751e8b465ee728b)  -> (artifact id: '9d54347f4151a031910cbae58751ba8e') in 0.001393 seconds 
========================================================================
Received Import Request.
  Time since last request: 27.105442 seconds.
  path: Assets/For/VlFor.cs
  artifactKey: Guid(14492f0b41b118649aad4fc18f484779) Importer(815301076,1909f56bfc062723c751e8b465ee728b)
Start importing Assets/For/VlFor.cs using Guid(14492f0b41b118649aad4fc18f484779) Importer(815301076,1909f56bfc062723c751e8b465ee728b)  -> (artifact id: '6804cd3a122b2d8d390e67a70128dced') in 0.002620 seconds 
========================================================================
Received Import Request.
  Time since last request: 20.119295 seconds.
  path: Assets/For/VonglapFor.cs
  artifactKey: Guid(a6055c6bd8341c245b5376835e7e0ca0) Importer(815301076,1909f56bfc062723c751e8b465ee728b)
Start importing Assets/For/VonglapFor.cs using Guid(a6055c6bd8341c245b5376835e7e0ca0) Importer(815301076,1909f56bfc062723c751e8b465ee728b)  -> (artifact id: '78e0e84810ebe56c58dd8d02744f0edf') in 0.001733 seconds 
========================================================================
Received Import Request.
  Time since last request: 108.893375 seconds.
  path: Assets/VonglapFor
  artifactKey: Guid(5e40f4c53c82e044e996ad7753eedadf) Importer(815301076,1909f56bfc062723c751e8b465ee728b)
Start importing Assets/VonglapFor using Guid(5e40f4c53c82e044e996ad7753eedadf) Importer(815301076,1909f56bfc062723c751e8b465ee728b)  -> (artifact id: '0e5ac23ae72fae6333c3fc15d87a58a5') in 0.002033 seconds 
========================================================================
Received Import Request.
  Time since last request: 9.520746 seconds.
  path: Assets/VonglapFor/VonglapFor.cs
  artifactKey: Guid(14dc48bf7272ec7428c8dd14defb559b) Importer(815301076,1909f56bfc062723c751e8b465ee728b)
Start importing Assets/VonglapFor/VonglapFor.cs using Guid(14dc48bf7272ec7428c8dd14defb559b) Importer(815301076,1909f56bfc062723c751e8b465ee728b)  -> (artifact id: '5cf2795cf1804569471da0af8539885f') in 0.001511 seconds 
========================================================================
Received Import Request.
  Time since last request: 114.530848 seconds.
  path: Assets/VonglapFor/VonglapFor.cs
  artifactKey: Guid(14dc48bf7272ec7428c8dd14defb559b) Importer(815301076,1909f56bfc062723c751e8b465ee728b)
Start importing Assets/VonglapFor/VonglapFor.cs using Guid(14dc48bf7272ec7428c8dd14defb559b) Importer(815301076,1909f56bfc062723c751e8b465ee728b)  -> (artifact id: '019ce165161c07ffcb2cb01f8816873c') in 0.002476 seconds 
========================================================================
Received Import Request.
  Time since last request: 39.647521 seconds.
  path: Assets/VlapWhile
  artifactKey: Guid(b531e76bbb31ac549a35cc3925bdd73b) Importer(815301076,1909f56bfc062723c751e8b465ee728b)
Start importing Assets/VlapWhile using Guid(b531e76bbb31ac549a35cc3925bdd73b) Importer(815301076,1909f56bfc062723c751e8b465ee728b)  -> (artifact id: 'd298dba83835f173e0cf8449409ea7d8') in 0.003579 seconds 
========================================================================
Received Import Request.
  Time since last request: 13.692141 seconds.
  path: Assets/VlapWhile/While.cs
  artifactKey: Guid(8388ac61881e7d44bb67ff91e969e646) Importer(815301076,1909f56bfc062723c751e8b465ee728b)
Start importing Assets/VlapWhile/While.cs using Guid(8388ac61881e7d44bb67ff91e969e646) Importer(815301076,1909f56bfc062723c751e8b465ee728b)  -> (artifact id: '8d64390fde286747d5cb3bd585de07fe') in 0.001769 seconds 
========================================================================
Received Import Request.
  Time since last request: 38.497204 seconds.
  path: Assets/VlapWhile/While.cs
  artifactKey: Guid(8388ac61881e7d44bb67ff91e969e646) Importer(815301076,1909f56bfc062723c751e8b465ee728b)
Start importing Assets/VlapWhile/While.cs using Guid(8388ac61881e7d44bb67ff91e969e646) Importer(815301076,1909f56bfc062723c751e8b465ee728b)  -> (artifact id: '8e47218b2b68bf52f2dafd7df516e39c') in 0.002922 seconds 
========================================================================
Received Import Request.
  Time since last request: 155.098103 seconds.
  path: Assets/VlapWhile/While.cs
  artifactKey: Guid(8388ac61881e7d44bb67ff91e969e646) Importer(815301076,1909f56bfc062723c751e8b465ee728b)
Start importing Assets/VlapWhile/While.cs using Guid(8388ac61881e7d44bb67ff91e969e646) Importer(815301076,1909f56bfc062723c751e8b465ee728b)  -> (artifact id: 'cf6ae59d4715cb4bb845d7b98aa0ea15') in 0.002064 seconds 
========================================================================
Received Import Request.
  Time since last request: 22.257787 seconds.
  path: Assets/VlapWhile/While.cs
  artifactKey: Guid(8388ac61881e7d44bb67ff91e969e646) Importer(815301076,1909f56bfc062723c751e8b465ee728b)
Start importing Assets/VlapWhile/While.cs using Guid(8388ac61881e7d44bb67ff91e969e646) Importer(815301076,1909f56bfc062723c751e8b465ee728b)  -> (artifact id: 'ff4509fd91c58a61b3fe86704038a488') in 0.001274 seconds 
========================================================================
Received Import Request.
  Time since last request: 76.642533 seconds.
  path: Assets/Do While
  artifactKey: Guid(bcf742f0150458e409b76441d03fd610) Importer(815301076,1909f56bfc062723c751e8b465ee728b)
Start importing Assets/Do While using Guid(bcf742f0150458e409b76441d03fd610) Importer(815301076,1909f56bfc062723c751e8b465ee728b)  -> (artifact id: '847029a8c84a189eff92e2657c8af7f1') in 0.002635 seconds 
========================================================================
Received Import Request.
  Time since last request: 7.586717 seconds.
  path: Assets/Do While/Dowhile.cs
  artifactKey: Guid(284bdccb2c408124dae51724a697acec) Importer(815301076,1909f56bfc062723c751e8b465ee728b)
Start importing Assets/Do While/Dowhile.cs using Guid(284bdccb2c408124dae51724a697acec) Importer(815301076,1909f56bfc062723c751e8b465ee728b)  -> (artifact id: 'e85e46b6eeec0dce5fae1991b0be8f87') in 0.001432 seconds 
========================================================================
Received Import Request.
  Time since last request: 303.600599 seconds.
  path: Assets/Hamkotravegiatir
  artifactKey: Guid(86af968fc5fdd0944ac150d14bbc0516) Importer(815301076,1909f56bfc062723c751e8b465ee728b)
Start importing Assets/Hamkotravegiatir using Guid(86af968fc5fdd0944ac150d14bbc0516) Importer(815301076,1909f56bfc062723c751e8b465ee728b)  -> (artifact id: 'e74b51bd01157dd2bd59dfeffc3276ef') in 0.002916 seconds 
========================================================================
Received Import Request.
  Time since last request: 24.691373 seconds.
  path: Assets/Hamkotravegiatir/HamVoid.cs
  artifactKey: Guid(c1845140eae3af24fa06af5d1a6f6834) Importer(815301076,1909f56bfc062723c751e8b465ee728b)
Start importing Assets/Hamkotravegiatir/HamVoid.cs using Guid(c1845140eae3af24fa06af5d1a6f6834) Importer(815301076,1909f56bfc062723c751e8b465ee728b)  -> (artifact id: 'b91b6b3eb3efdaf3026f47f62564d454') in 0.002966 seconds 
========================================================================
Received Import Request.
  Time since last request: 79.975426 seconds.
  path: Assets/Hamkotravegiatir/HamVoid.cs
  artifactKey: Guid(c1845140eae3af24fa06af5d1a6f6834) Importer(815301076,1909f56bfc062723c751e8b465ee728b)
Start importing Assets/Hamkotravegiatir/HamVoid.cs using Guid(c1845140eae3af24fa06af5d1a6f6834) Importer(815301076,1909f56bfc062723c751e8b465ee728b)  -> (artifact id: 'de05df853d0a2d7ca001ba63eb505891') in 0.002070 seconds 
========================================================================
Received Import Request.
  Time since last request: 34.957204 seconds.
  path: Assets/Hamkotravegiatir/HamVoid.cs
  artifactKey: Guid(c1845140eae3af24fa06af5d1a6f6834) Importer(815301076,1909f56bfc062723c751e8b465ee728b)
Start importing Assets/Hamkotravegiatir/HamVoid.cs using Guid(c1845140eae3af24fa06af5d1a6f6834) Importer(815301076,1909f56bfc062723c751e8b465ee728b)  -> (artifact id: '23d1224789b1afcf3483373c3ca1ea12') in 0.002273 seconds 
========================================================================
Received Import Request.
  Time since last request: 13.815132 seconds.
  path: Assets/Hamkotravegiatir/HamVoid.cs
  artifactKey: Guid(c1845140eae3af24fa06af5d1a6f6834) Importer(815301076,1909f56bfc062723c751e8b465ee728b)
Start importing Assets/Hamkotravegiatir/HamVoid.cs using Guid(c1845140eae3af24fa06af5d1a6f6834) Importer(815301076,1909f56bfc062723c751e8b465ee728b)  -> (artifact id: '6edfa99702ce7a6d2621715923bb292e') in 0.001273 seconds 
========================================================================
Received Import Request.
  Time since last request: 51.364951 seconds.
  path: Assets/Hamkotravegiatir/HamVoid.cs
  artifactKey: Guid(c1845140eae3af24fa06af5d1a6f6834) Importer(815301076,1909f56bfc062723c751e8b465ee728b)
Start importing Assets/Hamkotravegiatir/HamVoid.cs using Guid(c1845140eae3af24fa06af5d1a6f6834) Importer(815301076,1909f56bfc062723c751e8b465ee728b)  -> (artifact id: 'fc3af42fe006faad94ca191f86ac9b4b') in 0.001190 seconds 
========================================================================
Received Import Request.
  Time since last request: 48.109945 seconds.
  path: Assets/Hamkotravegiatir/HamVoid.cs
  artifactKey: Guid(c1845140eae3af24fa06af5d1a6f6834) Importer(815301076,1909f56bfc062723c751e8b465ee728b)
Start importing Assets/Hamkotravegiatir/HamVoid.cs using Guid(c1845140eae3af24fa06af5d1a6f6834) Importer(815301076,1909f56bfc062723c751e8b465ee728b)  -> (artifact id: '543e773052e6a5712864ee9b28842d3b') in 0.001438 seconds 
========================================================================
Received Import Request.
  Time since last request: 28.769523 seconds.
  path: Assets/Hamkotravegiatir/HamVoid.cs
  artifactKey: Guid(c1845140eae3af24fa06af5d1a6f6834) Importer(815301076,1909f56bfc062723c751e8b465ee728b)
Start importing Assets/Hamkotravegiatir/HamVoid.cs using Guid(c1845140eae3af24fa06af5d1a6f6834) Importer(815301076,1909f56bfc062723c751e8b465ee728b)  -> (artifact id: '7f56f35803ba503806b6440999a3467f') in 0.002293 seconds 
========================================================================
Received Import Request.
  Time since last request: 29.070898 seconds.
  path: Assets/Hamkotravegiatir/HamVoid.cs
  artifactKey: Guid(c1845140eae3af24fa06af5d1a6f6834) Importer(815301076,1909f56bfc062723c751e8b465ee728b)
Start importing Assets/Hamkotravegiatir/HamVoid.cs using Guid(c1845140eae3af24fa06af5d1a6f6834) Importer(815301076,1909f56bfc062723c751e8b465ee728b)  -> (artifact id: '752879c67c1d34e1135ccaf9f8bba2f0') in 0.001874 seconds 
========================================================================
Received Import Request.
  Time since last request: 93.336921 seconds.
  path: Assets/Hamkotravegiatir/HamVoid.cs
  artifactKey: Guid(c1845140eae3af24fa06af5d1a6f6834) Importer(815301076,1909f56bfc062723c751e8b465ee728b)
Start importing Assets/Hamkotravegiatir/HamVoid.cs using Guid(c1845140eae3af24fa06af5d1a6f6834) Importer(815301076,1909f56bfc062723c751e8b465ee728b)  -> (artifact id: 'dcfc2b16d0a8f80e6adb6850817d4554') in 0.002260 seconds 
